<?xml version="1.0" encoding="UTF-8"?>
<!-- Generated by org.testng.reporters.JUnitXMLReporter -->
<testsuite ignored="0" hostname="Chanchala" failures="4" tests="5" name="Test" time="0.391" errors="0" timestamp="2020-11-04T13:45:29 IST">
  <testcase classname="Academy1.accountValidate" name="@AfterTest getclose" time="0.002">
    <failure type="java.lang.NullPointerException">
      <![CDATA[java.lang.NullPointerException
at Academy1.accountValidate.getclose(accountValidate.java:34)
... Removed 24 stack frames]]>
    </failure>
  </testcase> <!-- @AfterTest getclose -->
  <testcase classname="Academy1.homePage" name="@AfterTest getclose" time="-1.604477729284E9">
    <skipped/>
  </testcase> <!-- @AfterTest getclose -->
  <testcase classname="Academy1.shopItemValidate" name="@AfterTest getclose" time="-1.604477729285E9">
    <skipped/>
  </testcase> <!-- @AfterTest getclose -->
  <testcase classname="Academy1.validateItem" name="@AfterTest getclose" time="-1.604477729286E9">
    <skipped/>
  </testcase> <!-- @AfterTest getclose -->
  <testcase classname="Academy1.homePage" name="pageNavigation" time="0.21">
    <failure type="java.lang.IllegalStateException" message="The driver executable does not exist: C:\work\chromedriver.exe">
      <![CDATA[java.lang.IllegalStateException: The driver executable does not exist: C:\work\chromedriver.exe
at com.google.common.base.Preconditions.checkState(Preconditions.java:585)
at org.openqa.selenium.remote.service.DriverService.checkExecutable(DriverService.java:146)
at org.openqa.selenium.remote.service.DriverService.findExecutable(DriverService.java:141)
at org.openqa.selenium.chrome.ChromeDriverService.access$000(ChromeDriverService.java:35)
at org.openqa.selenium.chrome.ChromeDriverService$Builder.findDefaultExecutable(ChromeDriverService.java:159)
at org.openqa.selenium.remote.service.DriverService$Builder.build(DriverService.java:355)
at org.openqa.selenium.chrome.ChromeDriverService.createDefaultService(ChromeDriverService.java:94)
at org.openqa.selenium.chrome.ChromeDriver.<init>(ChromeDriver.java:123)
at resources.base.intializeDriver(base.java:26)
at Academy1.homePage.pageNavigation(homePage.java:22)
at java.base/java.util.ArrayList.forEach(ArrayList.java:1380)
... Removed 27 stack frames]]>
    </failure>
  </testcase> <!-- pageNavigation -->
  <testcase classname="Academy1.validateItem" name="pageNavigation" time="0.004">
    <failure type="java.lang.IllegalStateException" message="The driver executable does not exist: C:\work\chromedriver.exe">
      <![CDATA[java.lang.IllegalStateException: The driver executable does not exist: C:\work\chromedriver.exe
at com.google.common.base.Preconditions.checkState(Preconditions.java:585)
at org.openqa.selenium.remote.service.DriverService.checkExecutable(DriverService.java:146)
at org.openqa.selenium.remote.service.DriverService.findExecutable(DriverService.java:141)
at org.openqa.selenium.chrome.ChromeDriverService.access$000(ChromeDriverService.java:35)
at org.openqa.selenium.chrome.ChromeDriverService$Builder.findDefaultExecutable(ChromeDriverService.java:159)
at org.openqa.selenium.remote.service.DriverService$Builder.build(DriverService.java:355)
at org.openqa.selenium.chrome.ChromeDriverService.createDefaultService(ChromeDriverService.java:94)
at org.openqa.selenium.chrome.ChromeDriver.<init>(ChromeDriver.java:123)
at resources.base.intializeDriver(base.java:26)
at Academy1.validateItem.pageNavigation(validateItem.java:23)
at java.base/java.util.ArrayList.forEach(ArrayList.java:1380)
... Removed 27 stack frames]]>
    </failure>
  </testcase> <!-- pageNavigation -->
  <testcase classname="Academy1.AppTest" name="shouldAnswerWithTrue" time="0.002"/>
  <testcase classname="Academy1.shopItemValidate" name="pageNavigation" time="0.005">
    <failure type="java.lang.IllegalStateException" message="The driver executable does not exist: C:\work\chromedriver.exe">
      <![CDATA[java.lang.IllegalStateException: The driver executable does not exist: C:\work\chromedriver.exe
at com.google.common.base.Preconditions.checkState(Preconditions.java:585)
at org.openqa.selenium.remote.service.DriverService.checkExecutable(DriverService.java:146)
at org.openqa.selenium.remote.service.DriverService.findExecutable(DriverService.java:141)
at org.openqa.selenium.chrome.ChromeDriverService.access$000(ChromeDriverService.java:35)
at org.openqa.selenium.chrome.ChromeDriverService$Builder.findDefaultExecutable(ChromeDriverService.java:159)
at org.openqa.selenium.remote.service.DriverService$Builder.build(DriverService.java:355)
at org.openqa.selenium.chrome.ChromeDriverService.createDefaultService(ChromeDriverService.java:94)
at org.openqa.selenium.chrome.ChromeDriver.<init>(ChromeDriver.java:123)
at resources.base.intializeDriver(base.java:26)
at Academy1.shopItemValidate.pageNavigation(shopItemValidate.java:16)
at java.base/java.util.ArrayList.forEach(ArrayList.java:1380)
... Removed 27 stack frames]]>
    </failure>
  </testcase> <!-- pageNavigation -->
  <testcase classname="Academy1.accountValidate" name="pageNavigation" time="0.005">
    <failure type="java.lang.IllegalStateException" message="The driver executable does not exist: C:\work\chromedriver.exe">
      <![CDATA[java.lang.IllegalStateException: The driver executable does not exist: C:\work\chromedriver.exe
at com.google.common.base.Preconditions.checkState(Preconditions.java:585)
at org.openqa.selenium.remote.service.DriverService.checkExecutable(DriverService.java:146)
at org.openqa.selenium.remote.service.DriverService.findExecutable(DriverService.java:141)
at org.openqa.selenium.chrome.ChromeDriverService.access$000(ChromeDriverService.java:35)
at org.openqa.selenium.chrome.ChromeDriverService$Builder.findDefaultExecutable(ChromeDriverService.java:159)
at org.openqa.selenium.remote.service.DriverService$Builder.build(DriverService.java:355)
at org.openqa.selenium.chrome.ChromeDriverService.createDefaultService(ChromeDriverService.java:94)
at org.openqa.selenium.chrome.ChromeDriver.<init>(ChromeDriver.java:123)
at resources.base.intializeDriver(base.java:26)
at Academy1.accountValidate.pageNavigation(accountValidate.java:23)
at java.base/java.util.ArrayList.forEach(ArrayList.java:1380)
... Removed 27 stack frames]]>
    </failure>
  </testcase> <!-- pageNavigation -->
</testsuite> <!-- Test -->
